[2025-12-19 17:13:59] [INFO ] engine.c:84: Engine Initializing...
[2025-12-19 17:13:59] [INFO ] font.c:166: Font Module: Atlas Built 1024x1024, Glyphs: 351, Scale: 0.0141
[2025-12-19 17:13:59] [TRACE] vk_context.c:47: vkCreateInstance (application)
[2025-12-19 17:14:00] [DEBUG] vk_context.c:73: Candidate GPU [0]: Microsoft Direct3D12 (AMD Radeon RX 5700 XT) (Score: 1000)
[2025-12-19 17:14:00] [DEBUG] vk_context.c:73: Candidate GPU [1]: llvmpipe (LLVM 20.1.8, 256 bits) (Score: 1)
[2025-12-19 17:14:00] [INFO ] vk_context.c:21: Using GPU: Microsoft Direct3D12 (AMD Radeon RX 5700 XT) (Discrete) vendor=0x1002 device=0x731f driver=0x6403001 api=1.2.328
[2025-12-19 17:14:00] [INFO ] vk_swapchain.c:182: vkCreateSwapchainKHR: Swapchain created.
[2025-12-19 17:14:00] [INFO ] vulkan_renderer.c:125: Resized Instance Buffer to 1024 elements
[2025-12-19 17:14:00] [INFO ] vulkan_renderer.c:125: Resized Instance Buffer to 1024 elements
[2025-12-19 17:14:00] [INFO ] vulkan_renderer.c:332: Vulkan Initialized.
[2025-12-19 17:14:00] [INFO ] main.c:270: App: Setting up default Math Graph...
[2025-12-19 17:14:00] [INFO ] ui_parser.c:171: UiParser: Loading UI definition from file: assets/ui/editor.yaml
[2025-12-19 17:14:00] [INFO ] main.c:55: App: Recompiling Math Graph...
[2025-12-19 17:14:00] [DEBUG] main.c:81: Running: glslc logs/tmp_graph.comp -o logs/tmp_graph.spv
[2025-12-19 17:14:00] [INFO ] render_system.c:204: RenderSystem: Active compute pipeline set to 1
[2025-12-19 17:14:00] [INFO ] main.c:112: App: Graph Recompiled Successfully (ID: 1)
[2025-12-19 17:14:00] [INFO ] engine.c:168: Engine Loop Starting...
[2025-12-19 17:14:02] [INFO ] engine.c:179: Requesting screenshot: logs/screenshots/screen_2.543.png
[2025-12-19 17:14:02] [DEBUG] vulkan_renderer.c:70: Vulkan: Queueing screenshot to logs/screenshots/screen_2.543.png
[2025-12-19 17:14:02] [INFO ] vulkan_renderer.c:478: Screenshot: Starting capture sequence...
[2025-12-19 17:14:02] [INFO ] vulkan_renderer.c:488: Screenshot: Buffer created (Handle: 0x5f48575025c0)
[2025-12-19 17:14:02] [INFO ] vulkan_renderer.c:543: Screenshot: Waiting for GPU...
[2025-12-19 17:14:02] [INFO ] vulkan_renderer.c:549: Screenshot: Mapping memory...
[2025-12-19 17:14:02] [INFO ] vulkan_renderer.c:554: Screenshot: Copying to host buffer...
[2025-12-19 17:14:02] [INFO ] vulkan_renderer.c:571: Screenshot: Offloaded to thread.
[2025-12-19 17:14:02] [INFO ] vulkan_renderer.c:593: Screenshot: Done.
[2025-12-19 17:14:02] [INFO ] vulkan_renderer.c:43: Screenshot Thread: Writing to disk (logs/screenshots/screen_2.543.png)...
[2025-12-19 17:14:02] [INFO ] vulkan_renderer.c:46: Screenshot saved to logs/screenshots/screen_2.543.png
[2025-12-19 17:14:04] [INFO ] engine.c:179: Requesting screenshot: logs/screenshots/screen_4.544.png
[2025-12-19 17:14:04] [DEBUG] vulkan_renderer.c:70: Vulkan: Queueing screenshot to logs/screenshots/screen_4.544.png
[2025-12-19 17:14:04] [INFO ] vulkan_renderer.c:478: Screenshot: Starting capture sequence...
[2025-12-19 17:14:04] [INFO ] vulkan_renderer.c:488: Screenshot: Buffer created (Handle: 0x5f48575025c0)
[2025-12-19 17:14:04] [INFO ] vulkan_renderer.c:543: Screenshot: Waiting for GPU...
[2025-12-19 17:14:04] [INFO ] vulkan_renderer.c:549: Screenshot: Mapping memory...
[2025-12-19 17:14:04] [INFO ] vulkan_renderer.c:554: Screenshot: Copying to host buffer...
[2025-12-19 17:14:04] [INFO ] vulkan_renderer.c:571: Screenshot: Offloaded to thread.
[2025-12-19 17:14:04] [INFO ] vulkan_renderer.c:593: Screenshot: Done.
[2025-12-19 17:14:04] [INFO ] vulkan_renderer.c:43: Screenshot Thread: Writing to disk (logs/screenshots/screen_4.544.png)...
